<?xml version="1.0" encoding="UTF-8"?>
<!-- Generated by org.testng.reporters.JUnitReportReporter -->
<testsuite skipped="0" hostname="WLPT547" name="testng.ThirdTest" tests="1" failures="0" timestamp="13 Jul 2019 09:41:29 GMT" time="0.042" errors="0">
  <testcase name="f1" time="0.042" classname="testng.ThirdTest"/>
</testsuite> <!-- testng.ThirdTest -->
