<?xml version="1.0" encoding="UTF-8"?>
<!-- Generated by org.testng.reporters.JUnitReportReporter -->
<testsuite skipped="0" hostname="WLPT547" name="testng.Sample2_Test2" tests="2" failures="0" timestamp="01 Jul 2019 10:25:12 GMT" time="0.015" errors="0">
  <testcase name="f" time="0.011" classname="testng.Sample2_Test2"/>
  <testcase name="f" time="0.004" classname="testng.Sample2_Test2"/>
</testsuite> <!-- testng.Sample2_Test2 -->
