<?xml version="1.0" encoding="UTF-8"?>
<!-- Generated by org.testng.reporters.JUnitReportReporter -->
<testsuite skipped="0" hostname="WLPT547" name="testng.htmldriver" tests="1" failures="0" timestamp="26 Jul 2019 13:29:50 GMT" time="30.089" errors="0">
  <testcase name="f" time="30.089" classname="testng.htmldriver"/>
</testsuite> <!-- testng.htmldriver -->
