<?xml version="1.0" encoding="UTF-8"?>
<!-- Generated by org.testng.reporters.JUnitReportReporter -->
<testsuite skipped="0" hostname="WLPT547" name="testng.ParameterTest" tests="1" failures="0" timestamp="01 Jul 2019 12:55:11 GMT" time="0.007" errors="0">
  <testcase name="test" time="0.007" classname="testng.ParameterTest"/>
</testsuite> <!-- testng.ParameterTest -->
