<?xml version="1.0" encoding="UTF-8"?>
<!-- Generated by org.testng.reporters.JUnitReportReporter -->
<testsuite skipped="0" hostname="WLPT547" name="testng.htmldriver" tests="1" failures="0" timestamp="09 Jul 2019 06:08:27 GMT" time="6.254" errors="0">
  <testcase name="f" time="6.254" classname="testng.htmldriver"/>
</testsuite> <!-- testng.htmldriver -->
