<?xml version="1.0" encoding="UTF-8"?>
<!-- Generated by org.testng.reporters.JUnitReportReporter -->
<testsuite skipped="1" hostname="WLPT547" name="Maven.Artifact.NewTest" tests="2" failures="0" timestamp="01 Jul 2019 07:34:57 GMT" time="0.010" errors="0">
  <testcase name="test" time="0.010" classname="Maven.Artifact.NewTest"/>
  <testcase name="f" classname="Maven.Artifact.NewTest">
    <skipped/>
  </testcase> <!-- f -->
</testsuite> <!-- Maven.Artifact.NewTest -->
