<?xml version="1.0" encoding="UTF-8"?>
<!-- Generated by org.testng.reporters.JUnitReportReporter -->
<testsuite skipped="0" hostname="WLPT547" name="testng.Sampl1_Test" tests="6" failures="0" timestamp="01 Jul 2019 10:34:50 GMT" time="0.026" errors="0">
  <testcase name="test2" time="0.003" classname="testng.Sampl1_Test"/>
  <testcase name="flower" time="0.004" classname="testng.Sampl1_Test"/>
  <testcase name="test3" time="0.005" classname="testng.Sampl1_Test"/>
  <testcase name="test" time="0.003" classname="testng.Sampl1_Test"/>
  <testcase name="f" time="0.009" classname="testng.Sampl1_Test"/>
  <testcase name="test4" time="0.002" classname="testng.Sampl1_Test"/>
</testsuite> <!-- testng.Sampl1_Test -->
